<?xml version="1.0" encoding="UTF-8"?>
<!-- Generated by org.testng.reporters.JUnitReportReporter -->
<testsuite skipped="0" hostname="RayPC" name="testCases.LoginApplication" tests="1" failures="0" timestamp="2020-04-20T14:23:51 EDT" time="27.188" errors="0">
  <testcase name="Login" time="27.188" classname="testCases.LoginApplication"/>
  <system-out/>
</testsuite> <!-- testCases.LoginApplication -->
